
2019-12-06 14:43:56 - INFO - 
2019-12-06 14:43:56 - INFO - --- Script Execution Started ---
2019-12-06 14:44:52 - INFO - Completed SnowConsequences processing
2019-12-06 14:44:52 - INFO - --- Script Execution Completed ---
2019-12-06 14:47:52 - INFO - 
2019-12-06 14:47:52 - INFO - --- Script Execution Started ---
2019-12-06 14:48:51 - INFO - Completed SnowConsequences processing
2019-12-06 14:48:51 - INFO - --- Script Execution Completed ---
2019-12-06 14:53:05 - INFO - 
2019-12-06 14:53:05 - INFO - --- Script Execution Started ---
2019-12-06 14:54:06 - INFO - Completed SnowConsequences processing
2019-12-06 14:54:06 - INFO - --- Script Execution Completed ---
2019-12-09 07:24:42 - INFO - 
2019-12-09 07:24:42 - INFO - --- Script Execution Started ---
2019-12-09 07:25:32 - INFO - Completed SnowConsequences processing
2019-12-09 07:25:32 - INFO - --- Script Execution Completed ---
2019-12-09 07:26:48 - INFO - 
2019-12-09 07:26:48 - INFO - --- Script Execution Started ---
2019-12-09 07:27:49 - INFO - Completed SnowConsequences processing
2019-12-09 07:27:49 - INFO - --- Script Execution Completed ---
2019-12-09 07:36:14 - INFO - 
2019-12-09 07:36:14 - INFO - --- Script Execution Started ---
2019-12-09 07:36:42 - INFO - Completed SnowConsequences processing
2019-12-09 07:36:42 - INFO - --- Script Execution Completed ---
2019-12-09 07:47:47 - INFO - 
2019-12-09 07:47:47 - INFO - --- Script Execution Started ---
2019-12-09 07:48:15 - INFO - Completed SnowConsequences processing
2019-12-09 07:48:15 - INFO - --- Script Execution Completed ---
2019-12-09 07:57:15 - INFO - 
2019-12-09 07:57:15 - INFO - --- Script Execution Started ---
2019-12-09 07:57:42 - INFO - Completed SnowRisk processing
2019-12-09 07:57:42 - INFO - --- Script Execution Completed ---
2019-12-09 08:14:11 - INFO - 
2019-12-09 08:14:11 - INFO - --- Script Execution Started ---
2019-12-09 08:14:38 - INFO - Completed SnowRisk processing
2019-12-09 08:14:38 - INFO - --- Script Execution Completed ---
2019-12-09 08:16:57 - INFO - 
2019-12-09 08:16:57 - INFO - --- Script Execution Started ---
2019-12-09 08:17:58 - INFO - Completed SnowRisk processing
2019-12-09 08:17:58 - INFO - --- Script Execution Completed ---
2019-12-09 08:24:01 - INFO - 
2019-12-09 08:24:01 - INFO - --- Script Execution Started ---
2019-12-09 08:25:03 - INFO - Completed SnowRisk processing
2019-12-09 08:25:03 - INFO - --- Script Execution Completed ---
2019-12-09 08:53:22 - INFO - 
2019-12-09 08:53:22 - INFO - --- Script Execution Started ---
2019-12-09 08:54:22 - INFO - Completed SnowRisk processing
2019-12-09 08:54:22 - INFO - --- Script Execution Completed ---
2019-12-09 09:16:27 - INFO - 
2019-12-09 09:16:27 - INFO - --- Script Execution Started ---
2019-12-09 09:17:30 - INFO - Completed SnowRisk processing
2019-12-09 09:17:30 - INFO - --- Script Execution Completed ---
2019-12-09 09:19:16 - INFO - 
2019-12-09 09:19:16 - INFO - --- Script Execution Started ---
2019-12-09 09:20:20 - INFO - Completed SnowRisk processing
2019-12-09 09:20:20 - INFO - --- Script Execution Completed ---
2019-12-09 09:25:43 - INFO - 
2019-12-09 09:25:43 - INFO - --- Script Execution Started ---
2019-12-09 09:26:49 - INFO - Completed SnowRisk processing
2019-12-09 09:26:49 - INFO - --- Script Execution Completed ---
2019-12-09 09:28:32 - INFO - 
2019-12-09 09:28:32 - INFO - --- Script Execution Started ---
2019-12-09 09:29:36 - INFO - Completed SnowRisk processing
2019-12-09 09:29:36 - INFO - --- Script Execution Completed ---
